# JRE version: Java(TM) SE Runtime Environment (7.0_80-b15) (build 1.7.0_80-b15)
# Java VM: Java HotSpot(TM) Server VM (24.80-b11 mixed mode linux-x86 )
Heap
 PSYoungGen      total 275712K, used 274841K [0x9dfc0000, 0xaf440000, 0xb3540000)
  eden space 269056K, 100% used [0x9dfc0000,0xae680000,0xae680000)
  from space 6656K, 86% used [0xaed40000,0xaf2e6548,0xaf3c0000)
  to   space 6912K, 99% used [0xae680000,0xaed3d480,0xaed40000)
 ParOldGen       total 43520K, used 13366K [0x73540000, 0x75fc0000, 0x9dfc0000)
  object space 43520K, 30% used [0x73540000,0x7424d878,0x75fc0000)
 PSPermGen       total 16384K, used 3034K [0x6f540000, 0x70540000, 0x73540000)
  object space 16384K, 18% used [0x6f540000,0x6f836928,0x70540000)
GC Heap History (10 events):
Event: 0.784 GC heap after
Heap after GC invocations=4 (full 0):
 PSYoungGen      total 70144K, used 2554K [0x9dfc0000, 0xa26c0000, 0xb3540000)
  eden space 67584K, 0% used [0x9dfc0000,0x9dfc0000,0xa21c0000)
  from space 2560K, 99% used [0xa2440000,0xa26beb90,0xa26c0000)
  to   space 2560K, 0% used [0xa21c0000,0xa21c0000,0xa2440000)
 ParOldGen       total 43520K, used 5494K [0x73540000, 0x75fc0000, 0x9dfc0000)
  object space 43520K, 12% used [0x73540000,0x73a9da88,0x75fc0000)
 PSPermGen       total 16384K, used 3023K [0x6f540000, 0x70540000, 0x73540000)
  object space 16384K, 18% used [0x6f540000,0x6f833eb0,0x70540000)
}
Event: 0.979 GC heap before
{Heap before GC invocations=5 (full 0):
 PSYoungGen      total 70144K, used 70096K [0x9dfc0000, 0xa26c0000, 0xb3540000)
  eden space 67584K, 99% used [0x9dfc0000,0xa21b55a8,0xa21c0000)
  from space 2560K, 99% used [0xa2440000,0xa26beb90,0xa26c0000)
  to   space 2560K, 0% used [0xa21c0000,0xa21c0000,0xa2440000)
 ParOldGen       total 43520K, used 5494K [0x73540000, 0x75fc0000, 0x9dfc0000)
  object space 43520K, 12% used [0x73540000,0x73a9da88,0x75fc0000)
 PSPermGen       total 16384K, used 3026K [0x6f540000, 0x70540000, 0x73540000)
  object space 16384K, 18% used [0x6f540000,0x6f834968,0x70540000)
Event: 0.984 GC heap after
Heap after GC invocations=5 (full 0):
 PSYoungGen      total 70144K, used 2558K [0x9dfc0000, 0xa6f40000, 0xb3540000)
  eden space 67584K, 0% used [0x9dfc0000,0x9dfc0000,0xa21c0000)
  from space 2560K, 99% used [0xa21c0000,0xa243f868,0xa2440000)
  to   space 5888K, 0% used [0xa6980000,0xa6980000,0xa6f40000)
 ParOldGen       total 43520K, used 7304K [0x73540000, 0x75fc0000, 0x9dfc0000)
  object space 43520K, 16% used [0x73540000,0x73c621f0,0x75fc0000)
 PSPermGen       total 16384K, used 3026K [0x6f540000, 0x70540000, 0x73540000)
  object space 16384K, 18% used [0x6f540000,0x6f834968,0x70540000)
}
Event: 1.182 GC heap before
{Heap before GC invocations=6 (full 0):
 PSYoungGen      total 70144K, used 70142K [0x9dfc0000, 0xa6f40000, 0xb3540000)
  eden space 67584K, 100% used [0x9dfc0000,0xa21c0000,0xa21c0000)
  from space 2560K, 99% used [0xa21c0000,0xa243f868,0xa2440000)
  to   space 5888K, 0% used [0xa6980000,0xa6980000,0xa6f40000)
 ParOldGen       total 43520K, used 7304K [0x73540000, 0x75fc0000, 0x9dfc0000)
  object space 43520K, 16% used [0x73540000,0x73c621f0,0x75fc0000)
 PSPermGen       total 16384K, used 3026K [0x6f540000, 0x70540000, 0x73540000)
  object space 16384K, 18% used [0x6f540000,0x6f834a70,0x70540000)
Event: 1.190 GC heap after
Heap after GC invocations=6 (full 0):
 PSYoungGen      total 140544K, used 5244K [0x9dfc0000, 0xa7040000, 0xb3540000)
  eden space 134656K, 0% used [0x9dfc0000,0x9dfc0000,0xa6340000)
  from space 5888K, 89% used [0xa6980000,0xa6e9f360,0xa6f40000)
  to   space 6400K, 0% used [0xa6340000,0xa6340000,0xa6980000)
 ParOldGen       total 43520K, used 7304K [0x73540000, 0x75fc0000, 0x9dfc0000)
  object space 43520K, 16% used [0x73540000,0x73c621f0,0x75fc0000)
 PSPermGen       total 16384K, used 3026K [0x6f540000, 0x70540000, 0x73540000)
  object space 16384K, 18% used [0x6f540000,0x6f834a70,0x70540000)
}
Event: 1.572 GC heap before
{Heap before GC invocations=7 (full 0):
 PSYoungGen      total 140544K, used 139900K [0x9dfc0000, 0xa7040000, 0xb3540000)
  eden space 134656K, 100% used [0x9dfc0000,0xa6340000,0xa6340000)
  from space 5888K, 89% used [0xa6980000,0xa6e9f360,0xa6f40000)
  to   space 6400K, 0% used [0xa6340000,0xa6340000,0xa6980000)
 ParOldGen       total 43520K, used 7304K [0x73540000, 0x75fc0000, 0x9dfc0000)
  object space 43520K, 16% used [0x73540000,0x73c621f0,0x75fc0000)
 PSPermGen       total 16384K, used 3029K [0x6f540000, 0x70540000, 0x73540000)
  object space 16384K, 18% used [0x6f540000,0x6f835698,0x70540000)
Event: 1.578 GC heap after
Heap after GC invocations=7 (full 0):
 PSYoungGen      total 141056K, used 5187K [0x9dfc0000, 0xaf3c0000, 0xb3540000)
  eden space 134656K, 0% used [0x9dfc0000,0x9dfc0000,0xa6340000)
  from space 6400K, 81% used [0xa6340000,0xa6850e28,0xa6980000)
  to   space 6656K, 0% used [0xaed40000,0xaed40000,0xaf3c0000)
 ParOldGen       total 43520K, used 8319K [0x73540000, 0x75fc0000, 0x9dfc0000)
  object space 43520K, 19% used [0x73540000,0x73d5fd48,0x75fc0000)
 PSPermGen       total 16384K, used 3029K [0x6f540000, 0x70540000, 0x73540000)
  object space 16384K, 18% used [0x6f540000,0x6f835698,0x70540000)
}
Event: 1.963 GC heap before
{Heap before GC invocations=8 (full 0):
 PSYoungGen      total 141056K, used 139504K [0x9dfc0000, 0xaf3c0000, 0xb3540000)
  eden space 134656K, 99% used [0x9dfc0000,0xa62eb310,0xa6340000)
  from space 6400K, 81% used [0xa6340000,0xa6850e28,0xa6980000)
  to   space 6656K, 0% used [0xaed40000,0xaed40000,0xaf3c0000)
 ParOldGen       total 43520K, used 8319K [0x73540000, 0x75fc0000, 0x9dfc0000)
  object space 43520K, 19% used [0x73540000,0x73d5fd48,0x75fc0000)
 PSPermGen       total 16384K, used 3029K [0x6f540000, 0x70540000, 0x73540000)
  object space 16384K, 18% used [0x6f540000,0x6f835740,0x70540000)
Event: 1.972 GC heap after
Heap after GC invocations=8 (full 0):
 PSYoungGen      total 275712K, used 5785K [0x9dfc0000, 0xaf440000, 0xb3540000)
  eden space 269056K, 0% used [0x9dfc0000,0x9dfc0000,0xae680000)
  from space 6656K, 86% used [0xaed40000,0xaf2e6548,0xaf3c0000)
  to   space 6912K, 0% used [0xae680000,0xae680000,0xaed40000)
 ParOldGen       total 43520K, used 9003K [0x73540000, 0x75fc0000, 0x9dfc0000)
  object space 43520K, 20% used [0x73540000,0x73e0af50,0x75fc0000)
 PSPermGen       total 16384K, used 3029K [0x6f540000, 0x70540000, 0x73540000)
  object space 16384K, 18% used [0x6f540000,0x6f835740,0x70540000)
}
Event: 2.792 GC heap before
{Heap before GC invocations=9 (full 0):
 PSYoungGen      total 275712K, used 274841K [0x9dfc0000, 0xaf440000, 0xb3540000)
  eden space 269056K, 100% used [0x9dfc0000,0xae680000,0xae680000)
  from space 6656K, 86% used [0xaed40000,0xaf2e6548,0xaf3c0000)
  to   space 6912K, 0% used [0xae680000,0xae680000,0xaed40000)
 ParOldGen       total 43520K, used 9003K [0x73540000, 0x75fc0000, 0x9dfc0000)
  object space 43520K, 20% used [0x73540000,0x73e0af50,0x75fc0000)
 PSPermGen       total 16384K, used 3034K [0x6f540000, 0x70540000, 0x73540000)
  object space 16384K, 18% used [0x6f540000,0x6f836928,0x70540000)

